ADAU145X Assembler, Analog Devices Inc.
Version: 4.6.0,1809  (built 12/23/2020)

##### Compile Started: Sunday, May 2, 2021 10:56:29 PM #####
ADAU145X Assembler, Analog Devices Inc.
Version: 4.6.0,1809  (built 12/23/2020)

##### Compile Started: Sunday, May 2, 2021 10:56:29 PM #####
##### Compile succeeded:  0 errors, 0 warnings #####

##### Summary #####
DM0 RAM used:       00029    (of 20480)
DM1 RAM used:       00021    (of 20480)
PM  RAM used(Data): 00000    (of 8192)
PM  RAM used(Inst): 00112    (of 8192) 102 instructions (32bit: 92  64bit: 10)
Total PM used:      00112    (of 8192)

--------------------------------------------------------------------------------------
STREAM                        Inst      Inst      DM0     DM1     PM
Instance                      (cycles)  (size)    
--------------------------------------------------------------------------------------
STACK                          -         -        16      0       0       
FRAMEWORK                     52        33        4       7       0
Multiple 1                    7         7         1       2       0
AsrcIn1                       6         6         0       4       0
Switch1                       2         2         1       1       0
Switch2                       2         2         1       1       0
Switch3                       2         2         1       1       0
Switch4                       2         2         1       1       0
Amp 2 shutdown                2         2         0       0       0
Amp 1 shutdown                2         2         0       0       0
Amp 2 sleep                   2         2         0       0       0
Amp 1 sleep                   2         2         0       0       0
Output1                       2         2         0       0       0
Output1_3                     2         2         0       0       0
Output1_2                     2         2         0       0       0
Output1_4                     2         2         0       0       0
--------------------------------------------------------------------------------------
Total                         89        70        25      17      0
--------------------------------------------------------------------------------------
(% Fs=48.0kHz)                2%        1%        1%      1%      0%

